<?xml version="1.0" encoding="UTF-8"?>
<!-- Generated by org.testng.reporters.JUnitReportReporter -->
<testsuite hostname="IN-PG02NMEC" failures="0" tests="1" name="test.AddTest" time="0.019" errors="0" timestamp="2023-09-21T10:55:00 IST" skipped="0">
  <testcase classname="test.AddTest" name="add" time="0.019"/>
  <system-out/>
</testsuite> <!-- test.AddTest -->
