<?xml version="1.0" encoding="UTF-8"?>
<!-- Generated by org.testng.reporters.JUnitReportReporter -->
<testsuite hostname="IN-PG02NMEC" failures="0" tests="1" name="test.MultTest" time="0.003" errors="0" timestamp="2023-09-21T10:55:00 IST" skipped="0">
  <testcase classname="test.MultTest" name="mul" time="0.003"/>
  <system-out/>
</testsuite> <!-- test.MultTest -->
