<?xml version="1.0" encoding="UTF-8"?>
<!-- Generated by org.testng.reporters.JUnitReportReporter -->
<testsuite hostname="IN-PG02NMEC" failures="0" tests="1" name="test.SearchTest" time="12.142" errors="0" timestamp="2023-08-13T19:13:35 IST" skipped="0">
  <testcase classname="test.SearchTest" name="search" time="12.142"/>
  <system-out/>
</testsuite> <!-- test.SearchTest -->
